\BOOKMARK [0][-]{chapter.1}{\376\377\0001\000\040\213\376\172\013\213\276\213\241\166\204\116\373\122\241\116\016\211\201\154\102}{}% 1
\BOOKMARK [1][-]{section.1.1}{\376\377\0001\000.\0001\000\040\213\376\172\013\213\276\213\241\166\204\116\373\122\241}{chapter.1}% 2
\BOOKMARK [1][-]{section.1.2}{\376\377\0001\000.\0002\000\040\213\376\172\013\213\276\213\241\166\204\211\201\154\102}{chapter.1}% 3
\BOOKMARK [0][-]{chapter.2}{\376\377\0002\000\040\170\024\172\166\127\372\170\100}{}% 4
\BOOKMARK [1][-]{section.2.1}{\376\377\0002\000.\0001\000\040\136\217\122\027\145\160\143\156\171\136\176\317\177\121\176\334}{chapter.2}% 5
\BOOKMARK [2][-]{subsection.2.1.1}{\376\377\0002\000.\0001\000.\0001\000\040\000R\000N\000N\177\121\176\334}{section.2.1}% 6
\BOOKMARK [2][-]{subsection.2.1.2}{\376\377\0002\000.\0001\000.\0002\000\040\000L\000S\000T\000M\176\323\147\204}{section.2.1}% 7
\BOOKMARK [2][-]{subsection.2.1.3}{\376\377\0002\000.\0001\000.\0003\000\040\000G\000R\000U\177\121\176\334}{section.2.1}% 8
\BOOKMARK [1][-]{section.2.2}{\376\377\0002\000.\0002\000\040\213\255\176\303\145\160\143\156\166\204\121\306\131\007}{chapter.2}% 9
\BOOKMARK [2][-]{subsection.2.2.1}{\376\377\0002\000.\0002\000.\0001\000\040\145\160\143\156\221\307\226\306}{section.2.2}% 10
\BOOKMARK [2][-]{subsection.2.2.2}{\376\377\0002\000.\0002\000.\0002\000\040\145\160\143\156\131\004\164\006}{section.2.2}% 11
\BOOKMARK [2][-]{subsection.2.2.3}{\376\377\0002\000.\0002\000.\0003\000\040\145\160\143\156\150\007\154\350}{section.2.2}% 12
\BOOKMARK [1][-]{section.2.3}{\376\377\0002\000.\0003\000\040\200\241\136\002\230\204\155\113\166\204\000P\000y\000t\000h\000o\000n\133\236\163\260}{chapter.2}% 13
\BOOKMARK [0][-]{chapter.3}{\376\377\0003\000\040\200\241\136\002\230\204\155\113\166\204\000M\000A\000T\000L\000A\000B\133\236\163\260}{}% 14
\BOOKMARK [1][-]{section.3.1}{\376\377\0003\000.\0001\000\040\155\361\136\246\133\146\116\140\135\345\121\167\173\261}{chapter.3}% 15
\BOOKMARK [1][-]{section.3.2}{\376\377\0003\000.\0002\000\040\127\050\000M\000A\000T\000L\000A\000B\116\055\144\055\136\372\000G\000R\000U\171\136\176\317\177\121\176\334}{chapter.3}% 16
\BOOKMARK [1][-]{section.3.3}{\376\377\0003\000.\0003\000\040\125\202\121\145\145\160\143\156\136\166\213\255\176\303}{chapter.3}% 17
\BOOKMARK [1][-]{section.3.4}{\376\377\0003\000.\0004\000\040\152\041\127\213\117\030\123\026}{chapter.3}% 18
\BOOKMARK [2][-]{subsection.3.4.1}{\376\377\0003\000.\0004\000.\0001\000\040\145\110\147\234\213\304\122\044}{section.3.4}% 19
\BOOKMARK [2][-]{subsection.3.4.2}{\376\377\0003\000.\0004\000.\0002\000\040\117\030\123\026\145\271\137\017}{section.3.4}% 20
\BOOKMARK [3][-]{subsubsection.3.4.2.1}{\376\377\0003\000.\0004\000.\0002\000.\0001\000\040\146\364\145\071\152\041\127\213}{subsection.3.4.2}% 21
\BOOKMARK [3][-]{subsubsection.3.4.2.2}{\376\377\0003\000.\0004\000.\0002\000.\0002\000\040\153\317\116\052\000G\000R\000U\123\125\121\103\116\055\120\117\177\156\000b\122\035\131\313\123\026\116\072\0001\000j\000o\000z\000e\000f\000o\000w\000i\000c\000z\0002\0000\0001\0005\000e\000m\000p\000i\000r\000i\000c\000a\000l}{subsection.3.4.2}% 22
\BOOKMARK [3][-]{subsubsection.3.4.2.3}{\376\377\0003\000.\0004\000.\0002\000.\0003\000\040\121\150\224\376\143\245\134\102\117\177\165\050\000H\000i\000g\000h\000w\000a\000y\000\040\000N\000e\000t\000w\000o\000r\000k\116\343\146\377\000s\000r\000i\000v\000a\000s\000t\000a\000v\000a\0002\0000\0001\0005\000h\000i\000g\000h\000w\000a\000y}{subsection.3.4.2}% 23
\BOOKMARK [3][-]{subsubsection.3.4.2.4}{\376\377\0003\000.\0004\000.\0002\000.\0004\000\040\214\003\145\164\000b\000a\000t\000c\000h\000\040\000s\000i\000z\000e\131\047\134\017}{subsection.3.4.2}% 24
\BOOKMARK [1][-]{section.3.5}{\376\377\0003\000.\0005\000\040\176\323\147\234}{chapter.3}% 25
\BOOKMARK [0][-]{chapter.4}{\376\377\0004\000\040\133\236\232\214\140\073\176\323}{}% 26
\BOOKMARK [0][-]{chapter.4}{\376\377\123\302\200\003\145\207\163\056}{}% 27
